<?xml version="1.0" encoding="UTF-8"?>
<!-- Generated by org.testng.reporters.JUnitReportReporter -->
<testsuite hostname="DESKTOP-AA44R9J" failures="0" tests="1" name="commonFunctions.launchBrowsers" time="15.694" errors="1" timestamp="2024-03-04T19:06:20 IST" skipped="0">
  <testcase classname="commonFunctions.launchBrowsers" name="launch_Browsers" time="15.694">
    <error message="session not created: This version of ChromeDriver only supports Chrome version 120
Current browser version is 122.0.6261.95 with binary path C:\Program Files\Google\Chrome\Application\chrome.exe
Build info: version: &#039;3.141.59&#039;, revision: &#039;e82be7d358&#039;, time: &#039;2018-11-14T08:17:03&#039;
System info: host: &#039;DESKTOP-AA44R9J&#039;, ip: &#039;192.168.0.108&#039;, os.name: &#039;Windows 10&#039;, os.arch: &#039;amd64&#039;, os.version: &#039;10.0&#039;, java.version: &#039;18.0.1&#039;
Driver info: driver.version: ChromeDriver
remote stacktrace: 	GetHandleVerifier [0x00007FF7D51B2142+3514994]
	(No symbol) [0x00007FF7D4DD0CE2]
	(No symbol) [0x00007FF7D4C776AA]
	(No symbol) [0x00007FF7D4CB17E2]
	(No symbol) [0x00007FF7D4CB0ADD]
	(No symbol) [0x00007FF7D4CAB9DF]
	(No symbol) [0x00007FF7D4CA7F52]
	(No symbol) [0x00007FF7D4CF0AB4]
	(No symbol) [0x00007FF7D4CE5D93]
	(No symbol) [0x00007FF7D4CB4BDC]
	(No symbol) [0x00007FF7D4CB5C64]
	GetHandleVerifier [0x00007FF7D51DE16B+3695259]
	GetHandleVerifier [0x00007FF7D5236737+4057191]
	GetHandleVerifier [0x00007FF7D522E4E3+4023827]
	GetHandleVerifier [0x00007FF7D4F004F9+689705]
	(No symbol) [0x00007FF7D4DDC048]
	(No symbol) [0x00007FF7D4DD8044]
	(No symbol) [0x00007FF7D4DD81C9]
	(No symbol) [0x00007FF7D4DC88C4]
	BaseThreadInitThunk [0x00007FF999777344+20]
	RtlUserThreadStart [0x00007FF999F826B1+33]
" type="org.openqa.selenium.SessionNotCreatedException">
      <![CDATA[org.openqa.selenium.SessionNotCreatedException: session not created: This version of ChromeDriver only supports Chrome version 120
Current browser version is 122.0.6261.95 with binary path C:\Program Files\Google\Chrome\Application\chrome.exe
Build info: version: '3.141.59', revision: 'e82be7d358', time: '2018-11-14T08:17:03'
System info: host: 'DESKTOP-AA44R9J', ip: '192.168.0.108', os.name: 'Windows 10', os.arch: 'amd64', os.version: '10.0', java.version: '18.0.1'
Driver info: driver.version: ChromeDriver
remote stacktrace: GetHandleVerifier [0x00007FF7D51B2142+3514994]
(No symbol) [0x00007FF7D4DD0CE2]
(No symbol) [0x00007FF7D4C776AA]
(No symbol) [0x00007FF7D4CB17E2]
(No symbol) [0x00007FF7D4CB0ADD]
(No symbol) [0x00007FF7D4CAB9DF]
(No symbol) [0x00007FF7D4CA7F52]
(No symbol) [0x00007FF7D4CF0AB4]
(No symbol) [0x00007FF7D4CE5D93]
(No symbol) [0x00007FF7D4CB4BDC]
(No symbol) [0x00007FF7D4CB5C64]
GetHandleVerifier [0x00007FF7D51DE16B+3695259]
GetHandleVerifier [0x00007FF7D5236737+4057191]
GetHandleVerifier [0x00007FF7D522E4E3+4023827]
GetHandleVerifier [0x00007FF7D4F004F9+689705]
(No symbol) [0x00007FF7D4DDC048]
(No symbol) [0x00007FF7D4DD8044]
(No symbol) [0x00007FF7D4DD81C9]
(No symbol) [0x00007FF7D4DC88C4]
BaseThreadInitThunk [0x00007FF999777344+20]
RtlUserThreadStart [0x00007FF999F826B1+33]

at java.base/jdk.internal.reflect.DirectConstructorHandleAccessor.newInstance(DirectConstructorHandleAccessor.java:67)
at java.base/java.lang.reflect.Constructor.newInstanceWithCaller(Constructor.java:499)
at java.base/java.lang.reflect.Constructor.newInstance(Constructor.java:483)
at org.openqa.selenium.remote.W3CHandshakeResponse.lambda$errorHandler$0(W3CHandshakeResponse.java:62)
at org.openqa.selenium.remote.HandshakeResponse.lambda$getResponseFunction$0(HandshakeResponse.java:30)
at org.openqa.selenium.remote.ProtocolHandshake.lambda$createSession$0(ProtocolHandshake.java:126)
at java.base/java.util.stream.ReferencePipeline$3$1.accept(ReferencePipeline.java:197)
at java.base/java.util.Spliterators$ArraySpliterator.tryAdvance(Spliterators.java:1002)
at java.base/java.util.stream.ReferencePipeline.forEachWithCancel(ReferencePipeline.java:129)
at java.base/java.util.stream.AbstractPipeline.copyIntoWithCancel(AbstractPipeline.java:527)
at java.base/java.util.stream.AbstractPipeline.copyInto(AbstractPipeline.java:513)
at java.base/java.util.stream.AbstractPipeline.wrapAndCopyInto(AbstractPipeline.java:499)
at java.base/java.util.stream.FindOps$FindOp.evaluateSequential(FindOps.java:150)
at java.base/java.util.stream.AbstractPipeline.evaluate(AbstractPipeline.java:234)
at java.base/java.util.stream.ReferencePipeline.findFirst(ReferencePipeline.java:647)
at org.openqa.selenium.remote.ProtocolHandshake.createSession(ProtocolHandshake.java:128)
at org.openqa.selenium.remote.ProtocolHandshake.createSession(ProtocolHandshake.java:74)
at org.openqa.selenium.remote.HttpCommandExecutor.execute(HttpCommandExecutor.java:136)
at org.openqa.selenium.remote.service.DriverCommandExecutor.execute(DriverCommandExecutor.java:83)
at org.openqa.selenium.remote.RemoteWebDriver.execute(RemoteWebDriver.java:552)
at org.openqa.selenium.remote.RemoteWebDriver.startSession(RemoteWebDriver.java:213)
at org.openqa.selenium.remote.RemoteWebDriver.<init>(RemoteWebDriver.java:131)
at org.openqa.selenium.chrome.ChromeDriver.<init>(ChromeDriver.java:181)
at org.openqa.selenium.chrome.ChromeDriver.<init>(ChromeDriver.java:168)
at org.openqa.selenium.chrome.ChromeDriver.<init>(ChromeDriver.java:123)
at commonFunctions.launchBrowsers.launch_Browsers(launchBrowsers.java:22)
at java.base/jdk.internal.reflect.DirectMethodHandleAccessor.invoke(DirectMethodHandleAccessor.java:104)
at java.base/java.lang.reflect.Method.invoke(Method.java:577)
at org.testng.internal.invokers.MethodInvocationHelper.invokeMethod(MethodInvocationHelper.java:135)
at org.testng.internal.invokers.MethodInvocationHelper.invokeMethodConsideringTimeout(MethodInvocationHelper.java:65)
at org.testng.internal.invokers.ConfigInvoker.invokeConfigurationMethod(ConfigInvoker.java:381)
at org.testng.internal.invokers.ConfigInvoker.invokeConfigurations(ConfigInvoker.java:319)
at org.testng.SuiteRunner.privateRun(SuiteRunner.java:368)
at org.testng.SuiteRunner.run(SuiteRunner.java:326)
at org.testng.SuiteRunnerWorker.runSuite(SuiteRunnerWorker.java:52)
at org.testng.SuiteRunnerWorker.run(SuiteRunnerWorker.java:95)
at org.testng.TestNG.runSuitesSequentially(TestNG.java:1249)
at org.testng.TestNG.runSuitesLocally(TestNG.java:1169)
at org.testng.TestNG.runSuites(TestNG.java:1092)
at org.testng.TestNG.run(TestNG.java:1060)
at org.testng.remote.AbstractRemoteTestNG.run(AbstractRemoteTestNG.java:115)
at org.testng.remote.RemoteTestNG.initAndRun(RemoteTestNG.java:251)
at org.testng.remote.RemoteTestNG.main(RemoteTestNG.java:77)
]]>
    </error>
  </testcase> <!-- launch_Browsers -->
  <system-out/>
</testsuite> <!-- commonFunctions.launchBrowsers -->
